<?xml version="1.0" encoding="UTF-8"?>
<!-- Generated by org.testng.reporters.JUnitXMLReporter -->
<testsuite ignored="0" hostname="DESKTOP-FT4TQ7O" failures="0" tests="3" name="Default test" time="18.661" errors="0" timestamp="2022-12-19T20:27:33 EET">
  <testcase classname="smartbuy.smartbuy" name="addtest" time="3.675"/>
  <testcase classname="smartbuy.smartbuy" name="chick_correct_price" time="1.511"/>
  <testcase classname="smartbuy.smartbuy" name="discount" time="0.129"/>
</testsuite> <!-- Default test -->
